<?xml version="1.0" encoding="UTF-8"?>
<!-- Generated by org.testng.reporters.JUnitReportReporter -->
<testsuite hostname="Ojas" failures="0" tests="2" name="testCases.TC_002_LoginTest" time="3.567" errors="0" timestamp="2025-03-08T14:22:44 IST" skipped="0">
  <testcase classname="testCases.TC_002_LoginTest" name="verify_login" time="1.549"/>
  <testcase classname="testCases.TC_002_LoginTest" name="verify_login" time="2.018"/>
</testsuite> <!-- testCases.TC_002_LoginTest -->
