<?xml version="1.0" encoding="UTF-8"?>
<!-- Generated by org.testng.reporters.JUnitReportReporter -->
<testsuite hostname="Ojas" failures="0" tests="2" name="testCases.TC_001_AccountRegistrationTest" time="9.446" errors="0" timestamp="2025-03-08T14:22:44 IST" skipped="0">
  <testcase classname="testCases.TC_001_AccountRegistrationTest" name="test_account_Registration" time="4.264"/>
  <testcase classname="testCases.TC_001_AccountRegistrationTest" name="test_account_Registration" time="5.182"/>
</testsuite> <!-- testCases.TC_001_AccountRegistrationTest -->
